[2023-06-15T18:57:34.329] [DEBUG] cheese - login => username:admin,password:123456
[2023-06-15T18:57:34.330] [DEBUG] cheese - admin
[2023-06-15T18:57:34.339] [DEBUG] cheese - null
[2023-06-15T18:57:34.339] [DEBUG] cheese - null
[2023-06-17T16:09:05.037] [DEBUG] cheese - login => username:admin,password:123456
[2023-06-17T16:09:05.039] [DEBUG] cheese - admin
[2023-06-17T16:09:05.057] [DEBUG] cheese - null
[2023-06-17T16:09:05.058] [DEBUG] cheese - null
[2023-06-17T16:53:55.410] [DEBUG] cheese - login => username:juju,password:123123
[2023-06-17T16:53:55.411] [DEBUG] cheese - juju
[2023-06-17T16:53:55.429] [DEBUG] cheese - null
[2023-06-17T16:53:55.429] [DEBUG] cheese - null
[2023-06-17T16:54:07.130] [DEBUG] cheese - login => username:admin,password:123456
[2023-06-17T16:54:07.130] [DEBUG] cheese - admin
[2023-06-17T16:54:07.136] [DEBUG] cheese - null
[2023-06-17T16:54:07.136] [DEBUG] cheese - null
[2023-06-17T17:04:55.003] [DEBUG] cheese - login => username:juju,password:123123
[2023-06-17T17:04:55.003] [DEBUG] cheese - juju
[2023-06-17T17:04:55.009] [DEBUG] cheese - null
[2023-06-17T17:04:55.010] [DEBUG] cheese - null
[2023-06-17T17:05:01.780] [DEBUG] cheese - login => username:admin,password:123456
[2023-06-17T17:05:01.780] [DEBUG] cheese - admin
[2023-06-17T17:05:01.782] [DEBUG] cheese - null
[2023-06-17T17:05:01.782] [DEBUG] cheese - null
[2023-06-17T17:19:55.429] [DEBUG] cheese - login => username:admin,password:123456
[2023-06-17T17:19:55.429] [DEBUG] cheese - admin
[2023-06-17T17:19:55.434] [DEBUG] cheese - null
[2023-06-17T17:19:55.435] [DEBUG] cheese - null
[2023-06-17T17:21:12.710] [DEBUG] cheese - login => username:admin,password:123456
[2023-06-17T17:21:12.710] [DEBUG] cheese - admin
[2023-06-17T17:21:12.712] [DEBUG] cheese - null
[2023-06-17T17:21:12.712] [DEBUG] cheese - null
[2023-06-17T17:38:18.223] [DEBUG] cheese - login => username:admin,password:123456
[2023-06-17T17:38:18.224] [DEBUG] cheese - admin
[2023-06-17T17:38:18.227] [DEBUG] cheese - null
[2023-06-17T17:38:18.227] [DEBUG] cheese - null
[2023-06-17T17:38:29.637] [DEBUG] cheese - login => username:admin,password:123456
[2023-06-17T17:38:29.637] [DEBUG] cheese - admin
[2023-06-17T17:38:29.639] [DEBUG] cheese - null
[2023-06-17T17:38:29.639] [DEBUG] cheese - null
[2023-06-17T17:41:46.074] [DEBUG] cheese - login => username:admin,password:123456
[2023-06-17T17:41:46.074] [DEBUG] cheese - admin
[2023-06-17T17:41:46.077] [DEBUG] cheese - null
[2023-06-17T17:41:46.077] [DEBUG] cheese - null
[2023-06-17T17:41:48.878] [DEBUG] cheese - login => username:admin,password:123456
[2023-06-17T17:41:48.878] [DEBUG] cheese - admin
[2023-06-17T17:41:48.879] [DEBUG] cheese - null
[2023-06-17T17:41:48.880] [DEBUG] cheese - null
[2023-06-17T17:41:57.533] [DEBUG] cheese - login => username:admin,password:123456
[2023-06-17T17:41:57.533] [DEBUG] cheese - admin
[2023-06-17T17:41:57.535] [DEBUG] cheese - null
[2023-06-17T17:41:57.535] [DEBUG] cheese - null
[2023-06-17T17:50:47.920] [DEBUG] cheese - login => username:admin,password:123456
[2023-06-17T17:50:47.921] [DEBUG] cheese - admin
[2023-06-17T17:50:47.924] [DEBUG] cheese - null
[2023-06-17T17:50:47.924] [DEBUG] cheese - null
[2023-06-17T18:33:20.008] [DEBUG] cheese - login => username:admin,password:123456
[2023-06-17T18:33:20.009] [DEBUG] cheese - admin
[2023-06-17T18:33:20.018] [DEBUG] cheese - null
[2023-06-17T18:33:20.019] [DEBUG] cheese - null
[2023-06-17T20:40:10.245] [DEBUG] cheese - login => username:admin,password:123456
[2023-06-17T20:40:10.246] [DEBUG] cheese - admin
[2023-06-17T20:40:10.264] [DEBUG] cheese - null
[2023-06-17T20:40:10.264] [DEBUG] cheese - null
[2023-06-17T20:49:45.487] [DEBUG] cheese - login => username:admin,password:123456
[2023-06-17T20:49:45.487] [DEBUG] cheese - admin
[2023-06-17T20:49:45.494] [DEBUG] cheese - null
[2023-06-17T20:49:45.495] [DEBUG] cheese - null
[2023-06-17T21:03:31.847] [DEBUG] cheese - login => username:admin,password:123456
[2023-06-17T21:03:31.847] [DEBUG] cheese - admin
[2023-06-17T21:03:31.850] [DEBUG] cheese - null
[2023-06-17T21:03:31.850] [DEBUG] cheese - null
[2023-06-17T21:04:31.771] [DEBUG] cheese - login => username:admin,password:123456
[2023-06-17T21:04:31.771] [DEBUG] cheese - admin
[2023-06-17T21:04:31.772] [DEBUG] cheese - null
[2023-06-17T21:04:31.773] [DEBUG] cheese - null
[2023-06-17T21:53:01.859] [DEBUG] cheese - login => username:admin,password:123456
[2023-06-17T21:53:01.859] [DEBUG] cheese - admin
[2023-06-17T21:53:01.863] [DEBUG] cheese - null
[2023-06-17T21:53:01.863] [DEBUG] cheese - null
[2023-06-17T21:56:15.825] [DEBUG] cheese - login => username:admin,password:123456
[2023-06-17T21:56:15.825] [DEBUG] cheese - admin
[2023-06-17T21:56:15.827] [DEBUG] cheese - null
[2023-06-17T21:56:15.827] [DEBUG] cheese - null
[2023-06-18T14:32:15.063] [DEBUG] cheese - login => username:admin,password:123456
[2023-06-18T14:32:15.066] [DEBUG] cheese - admin
[2023-06-18T14:32:15.090] [DEBUG] cheese - null
[2023-06-18T14:32:15.091] [DEBUG] cheese - null
[2023-06-18T14:38:50.824] [DEBUG] cheese - login => username:admin,password:123456
[2023-06-18T14:38:50.825] [DEBUG] cheese - admin
[2023-06-18T14:38:50.828] [DEBUG] cheese - null
[2023-06-18T14:38:50.828] [DEBUG] cheese - null
[2023-06-18T15:21:54.247] [DEBUG] cheese - login => username:admin,password:123456
[2023-06-18T15:21:54.248] [DEBUG] cheese - admin
[2023-06-18T15:21:54.250] [DEBUG] cheese - null
[2023-06-18T15:21:54.250] [DEBUG] cheese - null
[2023-06-18T15:22:30.130] [DEBUG] cheese - login => username:admin,password:123456
[2023-06-18T15:22:30.130] [DEBUG] cheese - admin
[2023-06-18T15:22:30.132] [DEBUG] cheese - null
[2023-06-18T15:22:30.132] [DEBUG] cheese - null
[2023-06-18T15:43:09.686] [DEBUG] cheese - login => username:admin,password:123456
[2023-06-18T15:43:09.686] [DEBUG] cheese - admin
[2023-06-18T15:43:09.687] [DEBUG] cheese - null
[2023-06-18T15:43:09.687] [DEBUG] cheese - null
[2023-06-18T15:49:19.042] [DEBUG] cheese - login => username:admin,password:123456
[2023-06-18T15:49:19.042] [DEBUG] cheese - admin
[2023-06-18T15:49:19.043] [DEBUG] cheese - null
[2023-06-18T15:49:19.043] [DEBUG] cheese - null
[2023-06-18T15:49:33.439] [DEBUG] cheese - login => username:admin,password:123456
[2023-06-18T15:49:33.439] [DEBUG] cheese - admin
[2023-06-18T15:49:33.440] [DEBUG] cheese - null
[2023-06-18T15:49:33.440] [DEBUG] cheese - null
[2023-06-18T15:54:04.750] [DEBUG] cheese - login => username:admin,password:123456
[2023-06-18T15:54:04.751] [DEBUG] cheese - admin
[2023-06-18T15:54:04.754] [DEBUG] cheese - null
[2023-06-18T15:54:04.754] [DEBUG] cheese - null
[2023-06-18T16:04:00.120] [DEBUG] cheese - login => username:admin,password:123456
[2023-06-18T16:04:00.120] [DEBUG] cheese - admin
[2023-06-18T16:04:00.123] [DEBUG] cheese - null
[2023-06-18T16:04:00.123] [DEBUG] cheese - null
[2023-06-18T16:18:56.755] [DEBUG] cheese - login => username:admin,password:123456
[2023-06-18T16:18:56.755] [DEBUG] cheese - admin
[2023-06-18T16:18:56.759] [DEBUG] cheese - null
[2023-06-18T16:18:56.759] [DEBUG] cheese - null
[2023-06-18T16:23:36.812] [DEBUG] cheese - login => username:admin,password:123456
[2023-06-18T16:23:36.812] [DEBUG] cheese - admin
[2023-06-18T16:23:36.814] [DEBUG] cheese - null
[2023-06-18T16:23:36.814] [DEBUG] cheese - null
[2023-06-18T16:42:38.938] [DEBUG] cheese - login => username:admin,password:123456
[2023-06-18T16:42:38.938] [DEBUG] cheese - admin
[2023-06-18T16:42:38.940] [DEBUG] cheese - null
[2023-06-18T16:42:38.940] [DEBUG] cheese - null
[2023-06-18T16:44:20.912] [DEBUG] cheese - login => username:admin,password:123456
[2023-06-18T16:44:20.912] [DEBUG] cheese - admin
[2023-06-18T16:44:20.913] [DEBUG] cheese - null
[2023-06-18T16:44:20.913] [DEBUG] cheese - null
[2023-06-18T16:44:53.456] [DEBUG] cheese - login => username:admin,password:123456
[2023-06-18T16:44:53.456] [DEBUG] cheese - admin
[2023-06-18T16:44:53.457] [DEBUG] cheese - null
[2023-06-18T16:44:53.457] [DEBUG] cheese - null
[2023-06-18T17:31:43.851] [DEBUG] cheese - login => username:admin,password:123456
[2023-06-18T17:31:43.852] [DEBUG] cheese - admin
[2023-06-18T17:31:43.855] [DEBUG] cheese - null
[2023-06-18T17:31:43.855] [DEBUG] cheese - null
[2023-06-18T20:05:20.169] [DEBUG] cheese - login => username:admin,password:123456
[2023-06-18T20:05:20.169] [DEBUG] cheese - admin
[2023-06-18T20:05:20.171] [DEBUG] cheese - null
[2023-06-18T20:05:20.171] [DEBUG] cheese - null
[2023-06-18T20:18:36.916] [DEBUG] cheese - login => username:admin,password:123456
[2023-06-18T20:18:36.916] [DEBUG] cheese - admin
[2023-06-18T20:18:36.919] [DEBUG] cheese - null
[2023-06-18T20:18:36.919] [DEBUG] cheese - null
[2023-06-18T20:34:23.885] [DEBUG] cheese - login => username:admin,password:123456
[2023-06-18T20:34:23.885] [DEBUG] cheese - admin
[2023-06-18T20:34:23.888] [DEBUG] cheese - null
[2023-06-18T20:34:23.889] [DEBUG] cheese - null
[2023-06-18T22:05:37.462] [DEBUG] cheese - login => username:admin,password:123456
[2023-06-18T22:05:37.463] [DEBUG] cheese - admin
[2023-06-18T22:05:37.468] [DEBUG] cheese - null
[2023-06-18T22:05:37.468] [DEBUG] cheese - null
[2023-06-19T14:28:06.193] [DEBUG] cheese - login => username:admin,password:123456
[2023-06-19T14:28:06.195] [DEBUG] cheese - admin
[2023-06-19T14:28:06.211] [DEBUG] cheese - null
[2023-06-19T14:28:06.211] [DEBUG] cheese - null
[2023-06-19T14:28:10.930] [DEBUG] cheese - login => username:admin,password:123456
[2023-06-19T14:28:10.930] [DEBUG] cheese - admin
[2023-06-19T14:28:10.932] [DEBUG] cheese - null
[2023-06-19T14:28:10.932] [DEBUG] cheese - null
[2023-06-19T17:57:42.259] [DEBUG] cheese - login => username:admin,password:123456
[2023-06-19T17:57:42.260] [DEBUG] cheese - admin
[2023-06-19T17:57:42.271] [DEBUG] cheese - null
[2023-06-19T17:57:42.271] [DEBUG] cheese - null
[2023-06-19T18:02:50.171] [DEBUG] cheese - login => username:admin,password:123456
[2023-06-19T18:02:50.171] [DEBUG] cheese - admin
[2023-06-19T18:02:50.175] [DEBUG] cheese - null
[2023-06-19T18:02:50.175] [DEBUG] cheese - null
[2023-06-19T18:08:58.173] [DEBUG] cheese - login => username:admin,password:123456
[2023-06-19T18:08:58.173] [DEBUG] cheese - admin
[2023-06-19T18:08:58.176] [DEBUG] cheese - null
[2023-06-19T18:08:58.176] [DEBUG] cheese - null
[2023-06-19T18:14:06.912] [DEBUG] cheese - login => username:admin,password:123456
[2023-06-19T18:14:06.912] [DEBUG] cheese - admin
[2023-06-19T18:14:06.916] [DEBUG] cheese - null
[2023-06-19T18:14:06.916] [DEBUG] cheese - null
[2023-06-19T18:31:00.563] [DEBUG] cheese - login => username:admin,password:123456
[2023-06-19T18:31:00.563] [DEBUG] cheese - admin
[2023-06-19T18:31:00.567] [DEBUG] cheese - null
[2023-06-19T18:31:00.568] [DEBUG] cheese - null
[2023-06-19T18:31:11.955] [DEBUG] cheese - login => username:admin,password:123456
[2023-06-19T18:31:11.955] [DEBUG] cheese - admin
[2023-06-19T18:31:11.959] [DEBUG] cheese - null
[2023-06-19T18:31:11.959] [DEBUG] cheese - null
[2023-06-19T18:33:46.201] [DEBUG] cheese - login => username:admin,password:123456
[2023-06-19T18:33:46.201] [DEBUG] cheese - admin
[2023-06-19T18:33:46.205] [DEBUG] cheese - null
[2023-06-19T18:33:46.205] [DEBUG] cheese - null
[2023-06-19T18:34:00.251] [DEBUG] cheese - login => username:admin,password:123456
[2023-06-19T18:34:00.251] [DEBUG] cheese - admin
[2023-06-19T18:34:00.252] [DEBUG] cheese - null
[2023-06-19T18:34:00.252] [DEBUG] cheese - null
[2023-06-19T18:50:13.166] [DEBUG] cheese - login => username:admin,password:123456
[2023-06-19T18:50:13.166] [DEBUG] cheese - admin
[2023-06-19T18:50:13.170] [DEBUG] cheese - null
[2023-06-19T18:50:13.170] [DEBUG] cheese - null
[2023-06-19T18:56:29.443] [DEBUG] cheese - login => username:admin,password:123456
[2023-06-19T18:56:29.443] [DEBUG] cheese - admin
[2023-06-19T18:56:29.446] [DEBUG] cheese - null
[2023-06-19T18:56:29.447] [DEBUG] cheese - null
[2023-06-19T19:01:36.060] [DEBUG] cheese - login => username:admin,password:123456
[2023-06-19T19:01:36.060] [DEBUG] cheese - admin
[2023-06-19T19:01:36.063] [DEBUG] cheese - null
[2023-06-19T19:01:36.063] [DEBUG] cheese - null
[2023-06-19T19:03:00.363] [DEBUG] cheese - login => username:admin,password:123456
[2023-06-19T19:03:00.363] [DEBUG] cheese - admin
[2023-06-19T19:03:00.365] [DEBUG] cheese - null
[2023-06-19T19:03:00.365] [DEBUG] cheese - null
[2023-06-19T19:03:26.932] [DEBUG] cheese - login => username:admin,password:123456
[2023-06-19T19:03:26.932] [DEBUG] cheese - admin
[2023-06-19T19:03:26.934] [DEBUG] cheese - null
[2023-06-19T19:03:26.934] [DEBUG] cheese - null
[2023-06-19T19:04:35.948] [DEBUG] cheese - login => username:admin,password:123456
[2023-06-19T19:04:35.951] [DEBUG] cheese - admin
[2023-06-19T19:04:35.961] [DEBUG] cheese - null
[2023-06-19T19:04:35.962] [DEBUG] cheese - null
[2023-06-19T19:05:11.843] [DEBUG] cheese - login => username:admin,password:123456
[2023-06-19T19:05:11.843] [DEBUG] cheese - admin
[2023-06-19T19:05:11.846] [DEBUG] cheese - null
[2023-06-19T19:05:11.846] [DEBUG] cheese - null
[2023-06-19T19:07:50.857] [DEBUG] cheese - login => username:admin,password:123456
[2023-06-19T19:07:50.857] [DEBUG] cheese - admin
[2023-06-19T19:07:50.862] [DEBUG] cheese - null
[2023-06-19T19:07:50.862] [DEBUG] cheese - null
[2023-06-19T19:39:42.393] [DEBUG] cheese - login => username:admin,password:123456
[2023-06-19T19:39:42.394] [DEBUG] cheese - admin
[2023-06-19T19:39:42.407] [DEBUG] cheese - null
[2023-06-19T19:39:42.407] [DEBUG] cheese - null
[2023-06-19T19:56:52.298] [DEBUG] cheese - login => username:admin,password:123456
[2023-06-19T19:56:52.299] [DEBUG] cheese - admin
[2023-06-19T19:56:52.307] [DEBUG] cheese - null
[2023-06-19T19:56:52.307] [DEBUG] cheese - null
[2023-06-19T20:24:33.694] [DEBUG] cheese - login => username:admin,password:123456
[2023-06-19T20:24:33.694] [DEBUG] cheese - admin
[2023-06-19T20:24:33.698] [DEBUG] cheese - null
[2023-06-19T20:24:33.698] [DEBUG] cheese - null
[2023-06-19T20:37:04.625] [DEBUG] cheese - login => username:admin,password:123456
[2023-06-19T20:37:04.629] [DEBUG] cheese - admin
[2023-06-19T20:37:04.643] [DEBUG] cheese - null
[2023-06-19T20:37:04.644] [DEBUG] cheese - null
[2023-06-19T20:51:40.745] [DEBUG] cheese - login => username:admin,password:123456
[2023-06-19T20:51:40.745] [DEBUG] cheese - admin
[2023-06-19T20:51:40.751] [DEBUG] cheese - null
[2023-06-19T20:51:40.751] [DEBUG] cheese - null
[2023-06-19T21:00:55.279] [DEBUG] cheese - login => username:admin,password:123456
[2023-06-19T21:00:55.280] [DEBUG] cheese - admin
[2023-06-19T21:00:55.282] [DEBUG] cheese - null
[2023-06-19T21:00:55.282] [DEBUG] cheese - null
[2023-06-19T21:02:03.029] [DEBUG] cheese - login => username:admi,password:123456
[2023-06-19T21:02:03.029] [DEBUG] cheese - admi
[2023-06-19T21:02:03.030] [DEBUG] cheese - null
[2023-06-19T21:02:03.030] [DEBUG] cheese - null
[2023-06-19T21:02:08.063] [DEBUG] cheese - login => username:admi,password:123456
[2023-06-19T21:02:08.063] [DEBUG] cheese - admi
[2023-06-19T21:02:08.064] [DEBUG] cheese - null
[2023-06-19T21:02:08.064] [DEBUG] cheese - null
[2023-06-19T21:02:10.319] [DEBUG] cheese - login => username:admin,password:123456
[2023-06-19T21:02:10.319] [DEBUG] cheese - admin
[2023-06-19T21:02:10.322] [DEBUG] cheese - null
[2023-06-19T21:02:10.322] [DEBUG] cheese - null
[2023-06-19T21:49:15.407] [DEBUG] cheese - login => username:admin,password:123456
[2023-06-19T21:49:15.407] [DEBUG] cheese - admin
[2023-06-19T21:49:15.412] [DEBUG] cheese - null
[2023-06-19T21:49:15.412] [DEBUG] cheese - null
[2023-06-19T22:12:20.926] [DEBUG] cheese - login => username:admin,password:123456
[2023-06-19T22:12:20.926] [DEBUG] cheese - admin
[2023-06-19T22:12:20.930] [DEBUG] cheese - null
[2023-06-19T22:12:20.930] [DEBUG] cheese - null
[2023-06-19T22:13:08.936] [DEBUG] cheese - login => username:admin,password:123456
[2023-06-19T22:13:08.936] [DEBUG] cheese - admin
[2023-06-19T22:13:08.938] [DEBUG] cheese - null
[2023-06-19T22:13:08.938] [DEBUG] cheese - null
[2023-06-19T22:15:58.481] [DEBUG] cheese - login => username:admin1,password:123456
[2023-06-19T22:15:58.481] [DEBUG] cheese - admin1
[2023-06-19T22:15:58.483] [DEBUG] cheese - null
[2023-06-19T22:15:58.483] [DEBUG] cheese - null
[2023-06-19T22:15:59.049] [DEBUG] cheese - login => username:admin1,password:123456
[2023-06-19T22:15:59.049] [DEBUG] cheese - admin1
[2023-06-19T22:15:59.051] [DEBUG] cheese - null
[2023-06-19T22:15:59.051] [DEBUG] cheese - null
[2023-06-19T22:15:59.613] [DEBUG] cheese - login => username:admin1,password:123456
[2023-06-19T22:15:59.613] [DEBUG] cheese - admin1
[2023-06-19T22:15:59.615] [DEBUG] cheese - null
[2023-06-19T22:15:59.615] [DEBUG] cheese - null
[2023-06-19T22:16:04.809] [DEBUG] cheese - login => username:admin1,password:123456
[2023-06-19T22:16:04.809] [DEBUG] cheese - admin1
[2023-06-19T22:16:04.810] [DEBUG] cheese - null
[2023-06-19T22:16:04.810] [DEBUG] cheese - null
[2023-06-19T22:16:05.843] [DEBUG] cheese - login => username:admin1,password:123456
[2023-06-19T22:16:05.843] [DEBUG] cheese - admin1
[2023-06-19T22:16:05.845] [DEBUG] cheese - null
[2023-06-19T22:16:05.845] [DEBUG] cheese - null
[2023-06-19T22:16:08.650] [DEBUG] cheese - login => username:admin,password:123456
[2023-06-19T22:16:08.650] [DEBUG] cheese - admin
[2023-06-19T22:16:08.651] [DEBUG] cheese - null
[2023-06-19T22:16:08.652] [DEBUG] cheese - null
[2023-06-19T22:19:06.283] [DEBUG] cheese - login => username:admin,password:123456
[2023-06-19T22:19:06.283] [DEBUG] cheese - admin
[2023-06-19T22:19:06.287] [DEBUG] cheese - null
[2023-06-19T22:19:06.287] [DEBUG] cheese - null
[2023-06-19T22:21:16.867] [DEBUG] cheese - login => username:admin,password:123456
[2023-06-19T22:21:16.867] [DEBUG] cheese - admin
[2023-06-19T22:21:16.869] [DEBUG] cheese - null
[2023-06-19T22:21:16.869] [DEBUG] cheese - null
[2023-06-19T22:23:10.199] [DEBUG] cheese - login => username:admin,password:123456
[2023-06-19T22:23:10.199] [DEBUG] cheese - admin
[2023-06-19T22:23:10.200] [DEBUG] cheese - null
[2023-06-19T22:23:10.200] [DEBUG] cheese - null
[2023-06-19T22:25:06.474] [DEBUG] cheese - login => username:admin,password:123456
[2023-06-19T22:25:06.475] [DEBUG] cheese - admin
[2023-06-19T22:25:06.482] [DEBUG] cheese - null
[2023-06-19T22:25:06.482] [DEBUG] cheese - null
[2023-06-19T22:25:44.276] [DEBUG] cheese - login => username:admin,password:123456
[2023-06-19T22:25:44.276] [DEBUG] cheese - admin
[2023-06-19T22:25:44.279] [DEBUG] cheese - null
[2023-06-19T22:25:44.279] [DEBUG] cheese - null
[2023-06-19T22:28:09.787] [DEBUG] cheese - login => username:admin,password:123456
[2023-06-19T22:28:09.787] [DEBUG] cheese - admin
[2023-06-19T22:28:09.790] [DEBUG] cheese - null
[2023-06-19T22:28:09.790] [DEBUG] cheese - null
[2023-06-19T22:33:32.638] [DEBUG] cheese - login => username:admin,password:123456
[2023-06-19T22:33:32.639] [DEBUG] cheese - admin
[2023-06-19T22:33:32.647] [DEBUG] cheese - null
[2023-06-19T22:33:32.647] [DEBUG] cheese - null
[2023-06-19T22:57:10.281] [DEBUG] cheese - login => username:admin,password:123456
[2023-06-19T22:57:10.281] [DEBUG] cheese - admin
[2023-06-19T22:57:10.285] [DEBUG] cheese - null
[2023-06-19T22:57:10.286] [DEBUG] cheese - null
[2023-06-19T22:58:35.169] [DEBUG] cheese - login => username:admin,password:123456
[2023-06-19T22:58:35.169] [DEBUG] cheese - admin
[2023-06-19T22:58:35.171] [DEBUG] cheese - null
[2023-06-19T22:58:35.171] [DEBUG] cheese - null
[2023-06-19T23:00:59.417] [DEBUG] cheese - login => username:admin,password:123456
[2023-06-19T23:00:59.417] [DEBUG] cheese - admin
[2023-06-19T23:00:59.419] [DEBUG] cheese - null
[2023-06-19T23:00:59.420] [DEBUG] cheese - null
[2023-06-19T23:06:33.166] [DEBUG] cheese - login => username:admin,password:123456
[2023-06-19T23:06:33.166] [DEBUG] cheese - admin
[2023-06-19T23:06:33.171] [DEBUG] cheese - null
[2023-06-19T23:06:33.172] [DEBUG] cheese - null
[2023-06-19T23:07:25.609] [DEBUG] cheese - login => username:admin,password:123456
[2023-06-19T23:07:25.609] [DEBUG] cheese - admin
[2023-06-19T23:07:25.612] [DEBUG] cheese - null
[2023-06-19T23:07:25.612] [DEBUG] cheese - null
[2023-06-19T23:09:05.749] [DEBUG] cheese - login => username:admin,password:123456
[2023-06-19T23:09:05.749] [DEBUG] cheese - admin
[2023-06-19T23:09:05.750] [DEBUG] cheese - null
[2023-06-19T23:09:05.750] [DEBUG] cheese - null
[2023-06-19T23:58:53.537] [DEBUG] cheese - login => username:admin,password:123456
[2023-06-19T23:58:53.538] [DEBUG] cheese - admin
[2023-06-19T23:58:53.546] [DEBUG] cheese - null
[2023-06-19T23:58:53.546] [DEBUG] cheese - null
[2023-06-20T14:03:01.744] [DEBUG] cheese - login => username:admin,password:123456
[2023-06-20T14:03:01.744] [DEBUG] cheese - admin
[2023-06-20T14:03:01.754] [DEBUG] cheese - null
[2023-06-20T14:03:01.754] [DEBUG] cheese - null
[2023-06-20T14:54:35.815] [DEBUG] cheese - login => username:admin,password:123456
[2023-06-20T14:54:35.816] [DEBUG] cheese - admin
[2023-06-20T14:54:35.817] [DEBUG] cheese - null
[2023-06-20T14:54:35.817] [DEBUG] cheese - null
[2023-06-20T15:24:15.086] [DEBUG] cheese - login => username:admin,password:123456
[2023-06-20T15:24:15.087] [DEBUG] cheese - admin
[2023-06-20T15:24:15.089] [DEBUG] cheese - null
[2023-06-20T15:24:15.090] [DEBUG] cheese - null
[2023-06-20T15:25:32.824] [DEBUG] cheese - login => username:admin,password:123456
[2023-06-20T15:25:32.824] [DEBUG] cheese - admin
[2023-06-20T15:25:32.826] [DEBUG] cheese - null
[2023-06-20T15:25:32.826] [DEBUG] cheese - null
[2023-06-20T15:25:54.551] [DEBUG] cheese - login => username:admin,password:123456
[2023-06-20T15:25:54.551] [DEBUG] cheese - admin
[2023-06-20T15:25:54.553] [DEBUG] cheese - null
[2023-06-20T15:25:54.553] [DEBUG] cheese - null
[2023-06-20T18:23:12.725] [DEBUG] cheese - login => username:admin,password:123456
[2023-06-20T18:23:12.725] [DEBUG] cheese - admin
[2023-06-20T18:23:12.727] [DEBUG] cheese - null
[2023-06-20T18:23:12.727] [DEBUG] cheese - null
[2023-06-20T19:29:36.295] [DEBUG] cheese - login => username:admin,password:123456
[2023-06-20T19:29:36.295] [DEBUG] cheese - admin
[2023-06-20T19:29:36.298] [DEBUG] cheese - null
[2023-06-20T19:29:36.298] [DEBUG] cheese - null
[2023-06-21T14:44:47.106] [DEBUG] cheese - login => username:admin,password:123456
[2023-06-21T14:44:47.107] [DEBUG] cheese - admin
[2023-06-21T14:44:47.129] [DEBUG] cheese - null
[2023-06-21T14:44:47.129] [DEBUG] cheese - null
[2023-06-21T16:23:18.189] [DEBUG] cheese - null
[2023-06-21T16:23:22.375] [DEBUG] cheese - null
[2023-06-21T16:23:24.335] [DEBUG] cheese - null
[2023-06-21T16:29:05.583] [DEBUG] cheese - null
[2023-06-21T16:29:08.250] [DEBUG] cheese - null
[2023-06-24T18:49:48.921] [DEBUG] cheese - login => username:admin,password:123456
[2023-06-24T18:49:48.922] [DEBUG] cheese - admin
[2023-06-24T18:49:48.962] [DEBUG] cheese - null
[2023-06-24T18:49:48.962] [DEBUG] cheese - null
[2023-06-24T19:15:10.407] [DEBUG] cheese - login => username:admin,password:123456
[2023-06-24T19:15:10.408] [DEBUG] cheese - admin
[2023-06-24T19:15:10.411] [DEBUG] cheese - null
[2023-06-24T19:15:10.411] [DEBUG] cheese - null
[2023-06-24T19:28:17.315] [DEBUG] cheese - login => username:admin,password:123456
[2023-06-24T19:28:17.316] [DEBUG] cheese - admin
[2023-06-24T19:28:17.318] [DEBUG] cheese - null
[2023-06-24T19:28:17.319] [DEBUG] cheese - null
[2023-06-27T16:07:22.954] [DEBUG] cheese - login => username:admin,password:123456
[2023-06-27T16:07:22.955] [DEBUG] cheese - admin
[2023-06-27T16:07:22.964] [DEBUG] cheese - null
[2023-06-27T16:07:22.965] [DEBUG] cheese - null
[2023-06-27T16:07:36.173] [DEBUG] cheese - login => username:admin,password:123456
[2023-06-27T16:07:36.173] [DEBUG] cheese - admin
[2023-06-27T16:07:36.175] [DEBUG] cheese - null
[2023-06-27T16:07:36.175] [DEBUG] cheese - null
[2023-06-27T16:14:42.291] [DEBUG] cheese - login => username:admin,password:123456
[2023-06-27T16:14:42.291] [DEBUG] cheese - admin
[2023-06-27T16:14:42.295] [DEBUG] cheese - null
[2023-06-27T16:14:42.295] [DEBUG] cheese - null
[2023-06-27T16:18:36.511] [DEBUG] cheese - login => username:admin,password:123456
[2023-06-27T16:18:36.511] [DEBUG] cheese - admin
[2023-06-27T16:18:36.513] [DEBUG] cheese - null
[2023-06-27T16:18:36.514] [DEBUG] cheese - null
[2023-07-14T00:36:46.637] [DEBUG] cheese - login => username:admin,password:123456
[2023-07-14T00:36:46.639] [DEBUG] cheese - admin
[2023-07-14T00:36:46.692] [DEBUG] cheese - null
[2023-07-14T00:36:46.693] [DEBUG] cheese - null
[2023-07-14T01:00:53.759] [DEBUG] cheese - login => username:admin,password:123456
[2023-07-14T01:00:53.760] [DEBUG] cheese - admin
[2023-07-14T01:00:53.763] [DEBUG] cheese - null
[2023-07-14T01:00:53.763] [DEBUG] cheese - null
[2023-08-09T09:39:59.495] [DEBUG] cheese - login => username:admin,password:123456
[2023-08-09T09:39:59.497] [DEBUG] cheese - admin
[2023-08-09T09:39:59.520] [DEBUG] cheese - null
[2023-08-09T09:39:59.521] [DEBUG] cheese - null
[2023-08-10T16:09:32.672] [DEBUG] cheese - login => username:admin,password:123456
[2023-08-10T16:09:32.673] [DEBUG] cheese - admin
[2023-08-10T16:09:32.712] [DEBUG] cheese - null
[2023-08-10T16:09:32.713] [DEBUG] cheese - null
[2023-08-11T14:43:04.106] [DEBUG] cheese - login => username:admin,password:123456
[2023-08-11T14:43:04.107] [DEBUG] cheese - admin
[2023-08-11T14:43:04.125] [DEBUG] cheese - null
[2023-08-11T14:43:04.125] [DEBUG] cheese - null
[2023-08-12T15:46:21.621] [DEBUG] cheese - login => username:admin,password:123456
[2023-08-12T15:46:21.622] [DEBUG] cheese - admin
[2023-08-12T15:46:21.632] [DEBUG] cheese - null
[2023-08-12T15:46:21.632] [DEBUG] cheese - null
[2023-08-12T15:56:02.696] [DEBUG] cheese - login => username:admin,password:123456
[2023-08-12T15:56:02.696] [DEBUG] cheese - admin
[2023-08-12T15:56:02.700] [DEBUG] cheese - null
[2023-08-12T15:56:02.700] [DEBUG] cheese - null
[2023-08-12T16:00:24.408] [DEBUG] cheese - login => username:admin,password:123456
[2023-08-12T16:00:24.408] [DEBUG] cheese - admin
[2023-08-12T16:00:24.412] [DEBUG] cheese - null
[2023-08-12T16:00:24.413] [DEBUG] cheese - null
[2023-08-14T14:30:51.817] [DEBUG] cheese - login => username:admin,password:123456
[2023-08-14T14:30:51.818] [DEBUG] cheese - admin
[2023-08-14T14:30:51.843] [DEBUG] cheese - null
[2023-08-14T14:30:51.843] [DEBUG] cheese - null
